number,value,datetime_start,datetime_complete,duration,params_colsample_bytree,params_gamma,params_learning_rate,params_max_depth,params_min_child_weight,params_n_estimators,params_reg_lambda,params_subsample,user_attrs_lift@20,user_attrs_pr_auc_std,user_attrs_roc_auc,system_attrs_tpe:relative_params:0,state
42,0.46096347707204666,2026-09-28 23:28:05.400934,2026-09-28 23:28:06.825529,0 days 00:00:01.424595,0.40752247011669046,0.0031240227811661666,0.018308095160354393,8,32.436255566149704,600,0.17161699302651656,0.9920790214547365,3.122140389432357,0.024770180082115578,0.8047717331486901,"{""colsample_bytree"": 0.40752247011669046, ""gamma"": 0.0031240227811661666, ""learning_rate"": 0.018308095160354393, ""max_depth"": 8, ""min_child_weight"": 32.436255566149704, ""n_estimators"": 600, ""reg_lambda"": 0.17161699302651656, ""subsample"": 0.9920790214547365}",COMPLETE
43,0.45935075265185016,2026-09-28 23:28:06.825569,2026-09-28 23:28:08.072866,0 days 00:00:01.247297,0.4632806158722643,0.0020689098664484927,0.030217994721021605,8,20.551521785749774,500,0.03466318254330808,0.8644706221897853,3.113744609495862,0.022791196048334822,0.80415139650754,"{""colsample_bytree"": 0.4632806158722643, ""gamma"": 0.0020689098664484927, ""learning_rate"": 0.030217994721021605, ""max_depth"": 8, ""min_child_weight"": 20.551521785749774, ""n_estimators"": 500, ""reg_lambda"": 0.03466318254330808, ""subsample"": 0.8644706221897853}",COMPLETE
44,0.45992690944037296,2026-09-28 23:28:08.072909,2026-09-28 23:28:09.479848,0 days 00:00:01.406939,0.4902577721863206,0.0017660854307637527,0.014202284426746157,8,22.94172537944477,600,0.28528521038909854,0.9665150412297889,3.120045568112249,0.02372475898638085,0.80430610567954,"{""colsample_bytree"": 0.4902577721863206, ""gamma"": 0.0017660854307637527, ""learning_rate"": 0.014202284426746157, ""max_depth"": 8, ""min_child_weight"": 22.94172537944477, ""n_estimators"": 600, ""reg_lambda"": 0.28528521038909854, ""subsample"": 0.9665150412297889}",COMPLETE
45,0.460959647391587,2026-09-28 23:28:09.479892,2026-09-28 23:28:11.236675,0 days 00:00:01.756783,0.42036535931028934,0.006160511801665163,0.01998894515940709,8,34.225658559013624,800,0.244929116532975,0.9723613885196125,3.1179419496422405,0.023248306677050256,0.8041335252419035,"{""colsample_bytree"": 0.42036535931028934, ""gamma"": 0.006160511801665163, ""learning_rate"": 0.01998894515940709, ""max_depth"": 8, ""min_child_weight"": 34.225658559013624, ""n_estimators"": 800, ""reg_lambda"": 0.244929116532975, ""subsample"": 0.9723613885196125}",COMPLETE
46,0.46020759183015947,2026-09-28 23:28:11.236719,2026-09-28 23:28:12.882642,0 days 00:00:01.645923,0.40552001650062924,0.0025828579469283222,0.018306464909611977,8,33.62587950131526,700,0.04413246320017,0.8958206784189531,3.127382391129446,0.02371247113793139,0.8041734143484763,"{""colsample_bytree"": 0.40552001650062924, ""gamma"": 0.0025828579469283222, ""learning_rate"": 0.018306464909611977, ""max_depth"": 8, ""min_child_weight"": 33.62587950131526, ""n_estimators"": 700, ""reg_lambda"": 0.04413246320017, ""subsample"": 0.8958206784189531}",COMPLETE
47,0.4560336434068608,2026-09-28 23:28:12.882681,2026-09-28 23:28:14.125541,0 days 00:00:01.242860,0.43156493506609717,0.005688686785616149,0.017231131742800627,8,42.54908634773035,500,0.08846625417403865,0.8900033799893665,3.102224741700875,0.02427073157171971,0.8024588102048955,"{""colsample_bytree"": 0.43156493506609717, ""gamma"": 0.005688686785616149, ""learning_rate"": 0.017231131742800627, ""max_depth"": 8, ""min_child_weight"": 42.54908634773035, ""n_estimators"": 500, ""reg_lambda"": 0.08846625417403865, ""subsample"": 0.8900033799893665}",COMPLETE
48,0.46059435811631494,2026-09-28 23:28:14.125581,2026-09-28 23:28:15.816346,0 days 00:00:01.690765,0.45353990113677206,0.006514679610131571,0.023721166364017332,7,38.85237083031235,800,0.1329737171767389,0.9975859354568224,3.126333331003786,0.0233868399533165,0.8050945736427657,"{""colsample_bytree"": 0.45353990113677206, ""gamma"": 0.006514679610131571, ""learning_rate"": 0.023721166364017332, ""max_depth"": 7, ""min_child_weight"": 38.85237083031235, ""n_estimators"": 800, ""reg_lambda"": 0.1329737171767389, ""subsample"": 0.9975859354568224}",COMPLETE
49,0.45877416716391234,2026-09-28 23:28:15.816391,2026-09-28 23:28:17.610088,0 days 00:00:01.793697,0.4254409044303512,0.0018167328231385475,0.017937614681449558,8,44.73476893071132,800,0.06120349588212761,0.9606632464772418,3.1106106248437313,0.023747376256404006,0.8038489516426168,"{""colsample_bytree"": 0.4254409044303512, ""gamma"": 0.0018167328231385475, ""learning_rate"": 0.017937614681449558, ""max_depth"": 8, ""min_child_weight"": 44.73476893071132, ""n_estimators"": 800, ""reg_lambda"": 0.06120349588212761, ""subsample"": 0.9606632464772418}",COMPLETE
50,0.4581162942008172,2026-09-28 23:28:17.610130,2026-09-28 23:28:19.030487,0 days 00:00:01.420357,0.44882234666791254,0.005705619142309348,0.028832407186528353,8,16.772261134332158,600,0.06677286522177762,0.9858108609452517,3.1095527675681707,0.022068508933311113,0.8030352125431988,"{""colsample_bytree"": 0.44882234666791254, ""gamma"": 0.005705619142309348, ""learning_rate"": 0.028832407186528353, ""max_depth"": 8, ""min_child_weight"": 16.772261134332158, ""n_estimators"": 600, ""reg_lambda"": 0.06677286522177762, ""subsample"": 0.9858108609452517}",COMPLETE
51,0.4594510401001391,2026-09-28 23:28:19.030532,2026-09-28 23:28:20.489225,0 days 00:00:01.458693,0.41012984772776706,0.001940083482289422,0.02628062456674764,8,35.16069442426538,600,0.5681252653506668,0.9203920874754374,3.1189998069178015,0.021087699639785098,0.8038170984227687,"{""colsample_bytree"": 0.41012984772776706, ""gamma"": 0.001940083482289422, ""learning_rate"": 0.02628062456674764, ""max_depth"": 8, ""min_child_weight"": 35.16069442426538, ""n_estimators"": 600, ""reg_lambda"": 0.5681252653506668, ""subsample"": 0.9203920874754374}",COMPLETE
52,0.4619674818418892,2026-09-28 23:28:20.489267,2026-09-28 23:28:21.935776,0 days 00:00:01.446509,0.44880451406852706,0.0025147598559326213,0.020366538010918245,8,31.393374248359805,600,0.05242941087828755,0.9950572245986943,3.128433650542582,0.025159473133088594,0.804937299399773,"{""colsample_bytree"": 0.44880451406852706, ""gamma"": 0.0025147598559326213, ""learning_rate"": 0.020366538010918245, ""max_depth"": 8, ""min_child_weight"": 31.393374248359805, ""n_estimators"": 600, ""reg_lambda"": 0.05242941087828755, ""subsample"": 0.9950572245986943}",COMPLETE
53,0.45589078354309526,2026-09-28 23:28:21.935822,2026-09-28 23:28:23.162247,0 days 00:00:01.226425,0.41015706403278,0.0034550620030478064,0.01449186140327975,7,34.270005888681375,500,0.10358644334047985,0.9830739451772283,3.0854529754151603,0.0243096988695874,0.8019290685227917,"{""colsample_bytree"": 0.41015706403278, ""gamma"": 0.0034550620030478064, ""learning_rate"": 0.01449186140327975, ""max_depth"": 7, ""min_child_weight"": 34.270005888681375, ""n_estimators"": 500, ""reg_lambda"": 0.10358644334047985, ""subsample"": 0.9830739451772283}",COMPLETE
54,0.4566613505638508,2026-09-28 23:28:23.162285,2026-09-28 23:28:24.619456,0 days 00:00:01.457171,0.41901235436389184,0.002864359515794229,0.016603532860333375,8,45.8341225403349,600,0.20297435071232187,0.9381231308779666,3.1200477673997242,0.023486849473995104,0.8029943491583902,"{""colsample_bytree"": 0.41901235436389184, ""gamma"": 0.002864359515794229, ""learning_rate"": 0.016603532860333375, ""max_depth"": 8, ""min_child_weight"": 45.8341225403349, ""n_estimators"": 600, ""reg_lambda"": 0.20297435071232187, ""subsample"": 0.9381231308779666}",COMPLETE
55,0.4605903322538312,2026-09-28 23:28:24.619501,2026-09-28 23:28:25.720567,0 days 00:00:01.101066,0.46750841634082374,0.00456105047722598,0.02884085596936681,8,30.71724067042914,400,0.2284562963726701,0.9284278180248907,3.128429251967631,0.023475916354852362,0.8044263835354324,"{""colsample_bytree"": 0.46750841634082374, ""gamma"": 0.00456105047722598, ""learning_rate"": 0.02884085596936681, ""max_depth"": 8, ""min_child_weight"": 30.71724067042914, ""n_estimators"": 400, ""reg_lambda"": 0.2284562963726701, ""subsample"": 0.9284278180248907}",COMPLETE
56,0.46077855073856283,2026-09-28 23:28:25.720610,2026-09-28 23:28:27.204416,0 days 00:00:01.483806,0.46482803885712226,0.011455037374789033,0.02258596762468653,8,27.34314241009693,600,0.3319961223480111,0.9646987037278325,3.1284270526801556,0.02375584696330492,0.804639509579663,"{""colsample_bytree"": 0.46482803885712226, ""gamma"": 0.011455037374789033, ""learning_rate"": 0.02258596762468653, ""max_depth"": 8, ""min_child_weight"": 27.34314241009693, ""n_estimators"": 600, ""reg_lambda"": 0.3319961223480111, ""subsample"": 0.9646987037278325}",COMPLETE
57,0.46097595513157624,2026-09-28 23:28:27.204459,2026-09-28 23:28:28.897648,0 days 00:00:01.693189,0.42315744614549167,0.004172038644405203,0.018109281575438795,8,29.538633844547622,700,0.10667623431162881,0.9963313636076325,3.117948547504666,0.025060129962624522,0.8049045315875419,"{""colsample_bytree"": 0.42315744614549167, ""gamma"": 0.004172038644405203, ""learning_rate"": 0.018109281575438795, ""max_depth"": 8, ""min_child_weight"": 29.538633844547622, ""n_estimators"": 700, ""reg_lambda"": 0.10667623431162881, ""subsample"": 0.9963313636076325}",COMPLETE
58,0.46219350911869644,2026-09-28 23:28:28.897690,2026-09-28 23:28:30.201874,0 days 00:00:01.304184,0.4374630811571249,0.0017464724962306924,0.029729427473176095,8,35.83730969717438,500,0.09153660562562407,0.9919343581019139,3.1242385096836776,0.023896932033333193,0.8045054557407028,"{""colsample_bytree"": 0.4374630811571249, ""gamma"": 0.0017464724962306924, ""learning_rate"": 0.029729427473176095, ""max_depth"": 8, ""min_child_weight"": 35.83730969717438, ""n_estimators"": 500, ""reg_lambda"": 0.09153660562562407, ""subsample"": 0.9919343581019139}",COMPLETE
59,0.46080257344141584,2026-09-28 23:28:30.201917,2026-09-28 23:28:31.638646,0 days 00:00:01.436729,0.419534827686835,0.0023571273337099317,0.02910364738818227,8,35.75026236548827,600,0.029860180332768667,0.995645488884845,3.1284303516113687,0.022790257634271407,0.8039664185869391,"{""colsample_bytree"": 0.419534827686835, ""gamma"": 0.0023571273337099317, ""learning_rate"": 0.02910364738818227, ""max_depth"": 8, ""min_child_weight"": 35.75026236548827, ""n_estimators"": 600, ""reg_lambda"": 0.029860180332768667, ""subsample"": 0.995645488884845}",COMPLETE
