number,value,datetime_start,datetime_complete,duration,params_colsample_bytree,params_learning_rate,params_min_child_samples,params_n_estimators,params_num_leaves,params_reg_alpha,params_reg_lambda,params_subsample,user_attrs_lift@20,user_attrs_pr_auc_std,user_attrs_roc_auc,system_attrs_tpe:relative_params:0,state
44,0.46501567361462637,2026-09-28 23:20:17.720699,2026-09-28 23:20:18.711100,0 days 00:00:00.990401,0.540372946189397,0.011448534797833431,11,400,44,0.005498338961346893,0.004106087520843026,0.6243604309557856,3.1420648343137403,0.020109069050297596,0.8053072767879017,"{""colsample_bytree"": 0.540372946189397, ""learning_rate"": 0.011448534797833431, ""min_child_samples"": 11, ""n_estimators"": 400, ""num_leaves"": 44, ""reg_alpha"": 0.005498338961346893, ""reg_lambda"": 0.004106087520843026, ""subsample"": 0.6243604309557856}",COMPLETE
45,0.46362031859130565,2026-09-28 23:20:18.711137,2026-09-28 23:20:19.946667,0 days 00:00:01.235530,0.6130065061112172,0.012013580449910445,26,500,49,0.0055431423826686485,0.004648653295382087,0.6318527195084948,3.144153057771423,0.02048585035169948,0.8056983781018812,"{""colsample_bytree"": 0.6130065061112172, ""learning_rate"": 0.012013580449910445, ""min_child_samples"": 26, ""n_estimators"": 500, ""num_leaves"": 49, ""reg_alpha"": 0.0055431423826686485, ""reg_lambda"": 0.004648653295382087, ""subsample"": 0.6318527195084948}",COMPLETE
46,0.4634759846317952,2026-09-28 23:20:19.946704,2026-09-28 23:20:20.783701,0 days 00:00:00.836997,0.5321610001045344,0.013647771534275212,13,300,50,0.004237703582297314,0.11309043827845151,0.6758993749471561,3.1420604357387902,0.02107463913545703,0.8055669957114849,"{""colsample_bytree"": 0.5321610001045344, ""learning_rate"": 0.013647771534275212, ""min_child_samples"": 13, ""n_estimators"": 300, ""num_leaves"": 50, ""reg_alpha"": 0.004237703582297314, ""reg_lambda"": 0.11309043827845151, ""subsample"": 0.6758993749471561}",COMPLETE
47,0.4647040107830914,2026-09-28 23:20:20.783743,2026-09-28 23:20:21.989592,0 days 00:00:01.205849,0.654625622612225,0.013658900023082322,20,500,49,0.001211076194028653,0.003427273018160556,0.7324698461941327,3.1473013377921415,0.019503510765855738,0.8058813868278051,"{""colsample_bytree"": 0.654625622612225, ""learning_rate"": 0.013658900023082322, ""min_child_samples"": 20, ""n_estimators"": 500, ""num_leaves"": 49, ""reg_alpha"": 0.001211076194028653, ""reg_lambda"": 0.003427273018160556, ""subsample"": 0.7324698461941327}",COMPLETE
48,0.4647322446773511,2026-09-28 23:20:21.989635,2026-09-28 23:20:23.036817,0 days 00:00:01.047182,0.6944890947738921,0.010118744283492291,22,500,38,0.001235214198489357,0.004788672076374302,0.7070533350369271,3.1420681332449534,0.022036721295795487,0.8052690886515451,"{""colsample_bytree"": 0.6944890947738921, ""learning_rate"": 0.010118744283492291, ""min_child_samples"": 22, ""n_estimators"": 500, ""num_leaves"": 38, ""reg_alpha"": 0.001235214198489357, ""reg_lambda"": 0.004788672076374302, ""subsample"": 0.7070533350369271}",COMPLETE
49,0.46340995968689225,2026-09-28 23:20:23.036860,2026-09-28 23:20:23.963439,0 days 00:00:00.926579,0.6602202186151424,0.013202534709915273,17,300,67,0.002018560083956283,0.004632623932598627,0.6325089401863236,3.1483492982740637,0.023373708577955142,0.8056227812965799,"{""colsample_bytree"": 0.6602202186151424, ""learning_rate"": 0.013202534709915273, ""min_child_samples"": 17, ""n_estimators"": 300, ""num_leaves"": 67, ""reg_alpha"": 0.002018560083956283, ""reg_lambda"": 0.004632623932598627, ""subsample"": 0.6325089401863236}",COMPLETE
50,0.46496806361455983,2026-09-28 23:20:23.963475,2026-09-28 23:20:24.873634,0 days 00:00:00.910159,0.5898709012309471,0.01691433717804808,18,400,36,0.003813731041506011,0.002782868081737115,0.6769518001531387,3.144158555990111,0.021310158317442172,0.805735614889531,"{""colsample_bytree"": 0.5898709012309471, ""learning_rate"": 0.01691433717804808, ""min_child_samples"": 18, ""n_estimators"": 400, ""num_leaves"": 36, ""reg_alpha"": 0.003813731041506011, ""reg_lambda"": 0.002782868081737115, ""subsample"": 0.6769518001531387}",COMPLETE
51,0.4630486115652035,2026-09-28 23:20:24.873671,2026-09-28 23:20:25.862301,0 days 00:00:00.988630,0.5417457360465838,0.010425101868738837,13,400,44,0.002331328464112873,0.010468214167160683,0.6384597160470871,3.1441629545650605,0.02116347285562654,0.8051527097115011,"{""colsample_bytree"": 0.5417457360465838, ""learning_rate"": 0.010425101868738837, ""min_child_samples"": 13, ""n_estimators"": 400, ""num_leaves"": 44, ""reg_alpha"": 0.002331328464112873, ""reg_lambda"": 0.010468214167160683, ""subsample"": 0.6384597160470871}",COMPLETE
52,0.46586281480041947,2026-09-28 23:20:25.862342,2026-09-28 23:20:26.867897,0 days 00:00:01.005555,0.6412983587103874,0.012890583271389207,16,400,49,0.007677562114089754,0.003457366844185417,0.726574976941368,3.165130961353417,0.02090555180559349,0.8062408491495312,"{""colsample_bytree"": 0.6412983587103874, ""learning_rate"": 0.012890583271389207, ""min_child_samples"": 16, ""n_estimators"": 400, ""num_leaves"": 49, ""reg_alpha"": 0.007677562114089754, ""reg_lambda"": 0.003457366844185417, ""subsample"": 0.726574976941368}",COMPLETE
53,0.46425107024774065,2026-09-28 23:20:26.867941,2026-09-28 23:20:27.928891,0 days 00:00:01.060950,0.6962210483729814,0.011174827779381825,19,400,56,0.002881223953382581,0.001853562515691567,0.6684463280718326,3.15883440131198,0.02100552001296563,0.805775977538754,"{""colsample_bytree"": 0.6962210483729814, ""learning_rate"": 0.011174827779381825, ""min_child_samples"": 19, ""n_estimators"": 400, ""num_leaves"": 56, ""reg_alpha"": 0.002881223953382581, ""reg_lambda"": 0.001853562515691567, ""subsample"": 0.6684463280718326}",COMPLETE
54,0.46556989344230937,2026-09-28 23:20:27.928941,2026-09-28 23:20:28.940969,0 days 00:00:01.012028,0.6636042668624599,0.014332763693864105,17,500,36,0.001531206776852743,0.01170925023625118,0.693222441311951,3.15358800103994,0.01966194445295861,0.8054895349627607,"{""colsample_bytree"": 0.6636042668624599, ""learning_rate"": 0.014332763693864105, ""min_child_samples"": 17, ""n_estimators"": 500, ""num_leaves"": 36, ""reg_alpha"": 0.001531206776852743, ""reg_lambda"": 0.01170925023625118, ""subsample"": 0.693222441311951}",COMPLETE
55,0.4653023832998521,2026-09-28 23:20:28.941013,2026-09-28 23:20:30.160439,0 days 00:00:01.219426,0.5731232743930553,0.012372444836722283,13,500,49,0.0057186499098282,0.011099856125305611,0.6964173579617043,3.137868593811099,0.020580118349194796,0.8058104848602872,"{""colsample_bytree"": 0.5731232743930553, ""learning_rate"": 0.012372444836722283, ""min_child_samples"": 13, ""n_estimators"": 500, ""num_leaves"": 49, ""reg_alpha"": 0.0057186499098282, ""reg_lambda"": 0.011099856125305611, ""subsample"": 0.6964173579617043}",COMPLETE
56,0.46497591438824004,2026-09-28 23:20:30.160476,2026-09-28 23:20:31.102699,0 days 00:00:00.942223,0.6122904663417666,0.013521390023251393,22,400,40,0.001727540631302404,0.02258660232344436,0.6895935334867623,3.144156356702635,0.019766774176531773,0.8059474879285646,"{""colsample_bytree"": 0.6122904663417666, ""learning_rate"": 0.013521390023251393, ""min_child_samples"": 22, ""n_estimators"": 400, ""num_leaves"": 40, ""reg_alpha"": 0.001727540631302404, ""reg_lambda"": 0.02258660232344436, ""subsample"": 0.6895935334867623}",COMPLETE
57,0.46479792742120046,2026-09-28 23:20:31.102738,2026-09-28 23:20:32.213689,0 days 00:00:01.110951,0.702359091364553,0.010211612019725135,24,500,39,0.003684411284479156,0.003475806284031044,0.6799069374791624,3.142061535382527,0.021370171794115243,0.8058151023037526,"{""colsample_bytree"": 0.702359091364553, ""learning_rate"": 0.010211612019725135, ""min_child_samples"": 24, ""n_estimators"": 500, ""num_leaves"": 39, ""reg_alpha"": 0.003684411284479156, ""reg_lambda"": 0.003475806284031044, ""subsample"": 0.6799069374791624}",COMPLETE
58,0.463704674537391,2026-09-28 23:20:32.213727,2026-09-28 23:20:33.153266,0 days 00:00:00.939539,0.7039004678525083,0.013130406088710944,19,500,30,0.007922156555224692,0.00475580055424398,0.791299828827553,3.146264373747594,0.019569816079534005,0.8053147368752468,"{""colsample_bytree"": 0.7039004678525083, ""learning_rate"": 0.013130406088710944, ""min_child_samples"": 19, ""n_estimators"": 500, ""num_leaves"": 30, ""reg_alpha"": 0.007922156555224692, ""reg_lambda"": 0.00475580055424398, ""subsample"": 0.791299828827553}",COMPLETE
59,0.46541450095314774,2026-09-28 23:20:33.153309,2026-09-28 23:20:34.149270,0 days 00:00:00.995961,0.6373877952186168,0.012149232507032275,19,400,49,0.003223582283359779,0.001607378058711197,0.7310535955896129,3.164079701940281,0.0203225519357812,0.8061294929275379,"{""colsample_bytree"": 0.6373877952186168, ""learning_rate"": 0.012149232507032275, ""min_child_samples"": 19, ""n_estimators"": 400, ""num_leaves"": 49, ""reg_alpha"": 0.003223582283359779, ""reg_lambda"": 0.001607378058711197, ""subsample"": 0.7310535955896129}",COMPLETE
